
> postcontent@0.1.0 build
> next build

▲ Next.js 16.1.1 (Turbopack)

  Creating an optimized production build ...
✓ Compiled successfully in 13.4s
  Running TypeScript ...
  Collecting page data using 1 worker ...
  Generating static pages using 1 worker (0/13) ...
  Generating static pages using 1 worker (3/13) 
  Generating static pages using 1 worker (6/13) 
  Generating static pages using 1 worker (9/13) 
✓ Generating static pages using 1 worker (13/13) in 280.1ms
  Finalizing page optimization ...

Route (app)
┌ ○ /
├ ○ /_not-found
├ ƒ /api/generate
├ ƒ /api/reply
├ ƒ /api/thread
├ ƒ /api/train
├ ○ /history
├ ○ /reply
├ ○ /settings
├ ○ /thread
└ ○ /train


○  (Static)   prerendered as static content
ƒ  (Dynamic)  server-rendered on demand

