
> postcontent@0.1.0 build
> next build

▲ Next.js 16.1.1 (Turbopack)
- Environments: .env.local, .env.production, .env

  Creating an optimized production build ...
✓ Compiled successfully in 8.8s
  Skipping validation of types
  Collecting page data using 3 workers ...
  Generating static pages using 3 workers (0/40) ...
  Generating static pages using 3 workers (10/40) 
  Generating static pages using 3 workers (20/40) 
  Generating static pages using 3 workers (30/40) 
✓ Generating static pages using 3 workers (40/40) in 870.7ms
  Finalizing page optimization ...

Route (app)
┌ ○ /
├ ○ /_not-found
├ ○ /about
├ ƒ /api/auth/[...nextauth]
├ ƒ /api/auth/login
├ ƒ /api/auth/logout
├ ƒ /api/auth/signup
├ ƒ /api/checkout
├ ƒ /api/generate
├ ƒ /api/history
├ ƒ /api/reply
├ ƒ /api/settings
├ ƒ /api/thread
├ ƒ /api/train
├ ƒ /api/usage
├ ○ /blog
├ ○ /careers
├ ○ /contact
├ ○ /dashboard/account
├ ○ /dashboard/account/billing
├ ○ /dashboard/account/general
├ ○ /dashboard/account/preferences
├ ○ /dashboard/generate
├ ○ /dashboard/reply
├ ○ /dashboard/thread
├ ○ /dashboard/train
├ ○ /docs
├ ○ /faq
├ ○ /help
├ ○ /icon.png
├ ○ /login
├ ○ /pricing
├ ○ /privacy
├ ○ /signup
├ ○ /sitemap.xml
├ ○ /success
├ ○ /terms
├ ○ /verify-email
└ ○ /welcome


ƒ Proxy (Middleware)

○  (Static)   prerendered as static content
ƒ  (Dynamic)  server-rendered on demand

